TN:
SF:services/api.ts
FN:25,(anonymous_1)
FN:29,(anonymous_2)
FN:37,(anonymous_3)
FN:46,(anonymous_4)
FN:55,(anonymous_5)
FN:90,(anonymous_6)
FN:98,(anonymous_7)
FN:112,(anonymous_8)
FN:123,(anonymous_9)
FN:131,(anonymous_10)
FN:143,(anonymous_11)
FN:152,(anonymous_12)
FN:154,(anonymous_13)
FN:164,(anonymous_14)
FN:172,(anonymous_15)
FN:180,(anonymous_16)
FN:190,(anonymous_17)
FN:201,(anonymous_18)
FN:203,(anonymous_19)
FN:217,(anonymous_20)
FN:225,(anonymous_21)
FN:233,(anonymous_22)
FN:244,(anonymous_23)
FN:246,(anonymous_24)
FN:260,(anonymous_25)
FN:269,(anonymous_26)
FN:277,(anonymous_27)
FN:285,(anonymous_28)
FN:297,(anonymous_29)
FN:305,(anonymous_30)
FN:321,(anonymous_31)
FN:330,(anonymous_32)
FN:332,(anonymous_33)
FN:346,(anonymous_34)
FN:367,(anonymous_35)
FN:376,(anonymous_36)
FN:387,(anonymous_37)
FN:392,(anonymous_38)
FNF:38
FNH:13
FNDA:1,(anonymous_1)
FNDA:1,(anonymous_2)
FNDA:1,(anonymous_3)
FNDA:1,(anonymous_4)
FNDA:10,(anonymous_5)
FNDA:0,(anonymous_6)
FNDA:2,(anonymous_7)
FNDA:1,(anonymous_8)
FNDA:1,(anonymous_9)
FNDA:1,(anonymous_10)
FNDA:0,(anonymous_11)
FNDA:0,(anonymous_12)
FNDA:0,(anonymous_13)
FNDA:1,(anonymous_14)
FNDA:3,(anonymous_15)
FNDA:0,(anonymous_16)
FNDA:0,(anonymous_17)
FNDA:1,(anonymous_18)
FNDA:0,(anonymous_19)
FNDA:0,(anonymous_20)
FNDA:0,(anonymous_21)
FNDA:0,(anonymous_22)
FNDA:0,(anonymous_23)
FNDA:0,(anonymous_24)
FNDA:0,(anonymous_25)
FNDA:0,(anonymous_26)
FNDA:0,(anonymous_27)
FNDA:0,(anonymous_28)
FNDA:0,(anonymous_29)
FNDA:0,(anonymous_30)
FNDA:0,(anonymous_31)
FNDA:0,(anonymous_32)
FNDA:0,(anonymous_33)
FNDA:0,(anonymous_34)
FNDA:0,(anonymous_35)
FNDA:0,(anonymous_36)
FNDA:0,(anonymous_37)
FNDA:1,(anonymous_38)
DA:19,1
DA:22,1
DA:23,1
DA:26,1
DA:30,1
DA:31,1
DA:33,0
DA:38,1
DA:39,1
DA:40,1
DA:42,0
DA:47,1
DA:48,1
DA:49,1
DA:51,0
DA:59,10
DA:61,10
DA:67,10
DA:68,2
DA:71,10
DA:72,10
DA:77,9
DA:79,9
DA:80,2
DA:83,7
DA:85,3
DA:86,3
DA:94,0
DA:99,2
DA:104,1
DA:105,1
DA:106,1
DA:109,0
DA:113,1
DA:114,1
DA:118,1
DA:124,1
DA:125,1
DA:126,1
DA:128,0
DA:132,1
DA:137,1
DA:138,1
DA:140,0
DA:144,0
DA:145,0
DA:146,0
DA:148,0
DA:153,0
DA:154,0
DA:155,0
DA:156,0
DA:160,0
DA:161,0
DA:165,1
DA:166,1
DA:167,1
DA:169,0
DA:173,3
DA:174,1
DA:175,1
DA:177,0
DA:181,0
DA:184,0
DA:185,0
DA:187,0
DA:191,0
DA:194,0
DA:195,0
DA:197,0
DA:202,1
DA:203,1
DA:204,0
DA:205,0
DA:209,1
DA:210,1
DA:211,1
DA:212,1
DA:214,0
DA:218,0
DA:219,0
DA:220,0
DA:222,0
DA:226,0
DA:227,0
DA:228,0
DA:230,0
DA:234,0
DA:237,0
DA:238,0
DA:240,0
DA:245,0
DA:246,0
DA:247,0
DA:248,0
DA:252,0
DA:253,0
DA:254,0
DA:255,0
DA:257,0
DA:261,0
DA:262,0
DA:263,0
DA:265,0
DA:270,0
DA:271,0
DA:272,0
DA:274,0
DA:278,0
DA:279,0
DA:280,0
DA:282,0
DA:286,0
DA:291,0
DA:292,0
DA:298,0
DA:299,0
DA:300,0
DA:302,0
DA:310,0
DA:315,0
DA:316,0
DA:318,0
DA:322,0
DA:323,0
DA:324,0
DA:326,0
DA:331,0
DA:332,0
DA:333,0
DA:334,0
DA:338,0
DA:339,0
DA:340,0
DA:341,0
DA:343,0
DA:355,0
DA:360,0
DA:361,0
DA:363,0
DA:368,0
DA:369,0
DA:370,0
DA:372,0
DA:377,0
DA:378,0
DA:379,0
DA:381,0
DA:382,0
DA:388,0
DA:393,1
DA:397,1
DA:398,1
LF:153
LH:52
BRDA:57,0,0,6
BRDA:67,1,0,2
BRDA:67,1,1,8
BRDA:79,2,0,2
BRDA:79,2,1,7
BRDA:80,3,0,2
BRDA:80,3,1,0
BRDA:92,4,0,0
BRDA:104,5,0,1
BRDA:104,5,1,0
BRDA:104,6,0,1
BRDA:104,6,1,1
BRDA:109,7,0,0
BRDA:109,7,1,0
BRDA:125,8,0,1
BRDA:125,8,1,0
BRDA:125,9,0,1
BRDA:125,9,1,1
BRDA:128,10,0,0
BRDA:128,10,1,0
BRDA:137,11,0,1
BRDA:137,11,1,0
BRDA:137,12,0,1
BRDA:137,12,1,1
BRDA:140,13,0,0
BRDA:140,13,1,0
BRDA:145,14,0,0
BRDA:145,14,1,0
BRDA:145,15,0,0
BRDA:145,15,1,0
BRDA:148,16,0,0
BRDA:148,16,1,0
BRDA:152,17,0,0
BRDA:155,18,0,0
BRDA:155,18,1,0
BRDA:160,19,0,0
BRDA:160,19,1,0
BRDA:166,20,0,1
BRDA:166,20,1,0
BRDA:166,21,0,1
BRDA:166,21,1,1
BRDA:169,22,0,0
BRDA:169,22,1,0
BRDA:174,23,0,1
BRDA:174,23,1,0
BRDA:174,24,0,1
BRDA:174,24,1,1
BRDA:177,25,0,0
BRDA:177,25,1,0
BRDA:184,26,0,0
BRDA:184,26,1,0
BRDA:184,27,0,0
BRDA:184,27,1,0
BRDA:187,28,0,0
BRDA:187,28,1,0
BRDA:194,29,0,0
BRDA:194,29,1,0
BRDA:194,30,0,0
BRDA:194,30,1,0
BRDA:197,31,0,0
BRDA:197,31,1,0
BRDA:201,32,0,1
BRDA:204,33,0,0
BRDA:204,33,1,0
BRDA:209,34,0,0
BRDA:209,34,1,1
BRDA:211,35,0,1
BRDA:211,35,1,0
BRDA:211,36,0,1
BRDA:211,36,1,1
BRDA:214,37,0,0
BRDA:214,37,1,0
BRDA:219,38,0,0
BRDA:219,38,1,0
BRDA:219,39,0,0
BRDA:219,39,1,0
BRDA:222,40,0,0
BRDA:222,40,1,0
BRDA:227,41,0,0
BRDA:227,41,1,0
BRDA:227,42,0,0
BRDA:227,42,1,0
BRDA:230,43,0,0
BRDA:230,43,1,0
BRDA:237,44,0,0
BRDA:237,44,1,0
BRDA:237,45,0,0
BRDA:237,45,1,0
BRDA:240,46,0,0
BRDA:240,46,1,0
BRDA:244,47,0,0
BRDA:247,48,0,0
BRDA:247,48,1,0
BRDA:252,49,0,0
BRDA:252,49,1,0
BRDA:254,50,0,0
BRDA:254,50,1,0
BRDA:254,51,0,0
BRDA:254,51,1,0
BRDA:257,52,0,0
BRDA:257,52,1,0
BRDA:262,53,0,0
BRDA:262,53,1,0
BRDA:262,54,0,0
BRDA:262,54,1,0
BRDA:265,55,0,0
BRDA:265,55,1,0
BRDA:271,56,0,0
BRDA:271,56,1,0
BRDA:271,57,0,0
BRDA:271,57,1,0
BRDA:274,58,0,0
BRDA:274,58,1,0
BRDA:279,59,0,0
BRDA:279,59,1,0
BRDA:279,60,0,0
BRDA:279,60,1,0
BRDA:282,61,0,0
BRDA:282,61,1,0
BRDA:291,62,0,0
BRDA:291,62,1,0
BRDA:292,63,0,0
BRDA:292,63,1,0
BRDA:299,64,0,0
BRDA:299,64,1,0
BRDA:299,65,0,0
BRDA:299,65,1,0
BRDA:302,66,0,0
BRDA:302,66,1,0
BRDA:315,67,0,0
BRDA:315,67,1,0
BRDA:315,68,0,0
BRDA:315,68,1,0
BRDA:318,69,0,0
BRDA:318,69,1,0
BRDA:323,70,0,0
BRDA:323,70,1,0
BRDA:323,71,0,0
BRDA:323,71,1,0
BRDA:326,72,0,0
BRDA:326,72,1,0
BRDA:330,73,0,0
BRDA:333,74,0,0
BRDA:333,74,1,0
BRDA:338,75,0,0
BRDA:338,75,1,0
BRDA:340,76,0,0
BRDA:340,76,1,0
BRDA:340,77,0,0
BRDA:340,77,1,0
BRDA:343,78,0,0
BRDA:343,78,1,0
BRDA:360,79,0,0
BRDA:360,79,1,0
BRDA:360,80,0,0
BRDA:360,80,1,0
BRDA:363,81,0,0
BRDA:363,81,1,0
BRDA:369,82,0,0
BRDA:369,82,1,0
BRDA:369,83,0,0
BRDA:369,83,1,0
BRDA:372,84,0,0
BRDA:372,84,1,0
BRF:164
BRH:26
end_of_record
TN:
SF:services/auth.ts
FN:25,(anonymous_1)
FN:40,(anonymous_2)
FN:42,(anonymous_3)
FN:50,(anonymous_4)
FN:52,(anonymous_5)
FN:53,(anonymous_6)
FN:57,(anonymous_7)
FN:58,(anonymous_8)
FN:62,(anonymous_9)
FN:87,(anonymous_10)
FN:108,(anonymous_11)
FN:124,(anonymous_12)
FN:140,(anonymous_13)
FN:148,(anonymous_14)
FN:155,(anonymous_15)
FN:161,(anonymous_16)
FN:168,(anonymous_17)
FN:176,(anonymous_18)
FN:177,(anonymous_19)
FN:181,(anonymous_20)
FN:185,(anonymous_21)
FN:189,(anonymous_22)
FN:193,(anonymous_23)
FN:197,(anonymous_24)
FN:202,(anonymous_25)
FN:207,(anonymous_26)
FN:212,(anonymous_27)
FN:217,(anonymous_28)
FN:222,(anonymous_29)
FN:227,(anonymous_30)
FN:232,(anonymous_31)
FN:237,(anonymous_32)
FN:242,(anonymous_33)
FN:247,(anonymous_34)
FN:255,(anonymous_35)
FN:263,(anonymous_36)
FN:271,(anonymous_37)
FN:276,(anonymous_38)
FN:281,(anonymous_39)
FN:338,(anonymous_40)
FNF:40
FNH:28
FNDA:0,(anonymous_1)
FNDA:1,(anonymous_2)
FNDA:35,(anonymous_3)
FNDA:3,(anonymous_4)
FNDA:1,(anonymous_5)
FNDA:1,(anonymous_6)
FNDA:3,(anonymous_7)
FNDA:2,(anonymous_8)
FNDA:0,(anonymous_9)
FNDA:0,(anonymous_10)
FNDA:0,(anonymous_11)
FNDA:1,(anonymous_12)
FNDA:2,(anonymous_13)
FNDA:0,(anonymous_14)
FNDA:0,(anonymous_15)
FNDA:0,(anonymous_16)
FNDA:26,(anonymous_17)
FNDA:5,(anonymous_18)
FNDA:10,(anonymous_19)
FNDA:10,(anonymous_20)
FNDA:4,(anonymous_21)
FNDA:4,(anonymous_22)
FNDA:4,(anonymous_23)
FNDA:4,(anonymous_24)
FNDA:2,(anonymous_25)
FNDA:0,(anonymous_26)
FNDA:0,(anonymous_27)
FNDA:0,(anonymous_28)
FNDA:0,(anonymous_29)
FNDA:0,(anonymous_30)
FNDA:4,(anonymous_31)
FNDA:2,(anonymous_32)
FNDA:2,(anonymous_33)
FNDA:2,(anonymous_34)
FNDA:2,(anonymous_35)
FNDA:2,(anonymous_36)
FNDA:2,(anonymous_37)
FNDA:2,(anonymous_38)
FNDA:2,(anonymous_39)
FNDA:1,(anonymous_40)
DA:1,1
DA:2,1
DA:4,1
DA:23,1
DA:25,1
DA:26,0
DA:27,0
DA:28,0
DA:30,0
DA:33,1
DA:35,1
DA:36,1
DA:37,1
DA:38,1
DA:43,35
DA:44,1
DA:46,35
DA:51,3
DA:52,3
DA:53,1
DA:58,3
DA:63,0
DA:64,0
DA:66,0
DA:67,0
DA:68,0
DA:69,0
DA:70,0
DA:71,0
DA:72,0
DA:74,0
DA:78,0
DA:79,0
DA:81,0
DA:82,0
DA:88,0
DA:89,0
DA:91,0
DA:92,0
DA:93,0
DA:96,0
DA:98,0
DA:99,0
DA:100,0
DA:103,0
DA:104,0
DA:109,0
DA:110,0
DA:112,0
DA:113,0
DA:115,0
DA:117,0
DA:118,0
DA:119,0
DA:125,1
DA:126,1
DA:129,0
DA:130,0
DA:131,0
DA:132,0
DA:134,0
DA:135,0
DA:141,2
DA:142,1
DA:143,1
DA:149,0
DA:150,0
DA:156,0
DA:157,0
DA:162,0
DA:163,0
DA:164,0
DA:169,26
DA:170,2
DA:172,24
DA:177,10
DA:182,10
DA:186,4
DA:190,4
DA:194,4
DA:198,4
DA:203,2
DA:208,0
DA:213,0
DA:218,0
DA:223,0
DA:228,0
DA:233,4
DA:238,2
DA:243,2
DA:248,2
DA:249,1
DA:251,1
DA:256,2
DA:257,1
DA:259,1
DA:264,2
DA:265,1
DA:267,1
DA:272,2
DA:277,2
DA:282,2
DA:284,2
DA:285,0
DA:288,2
DA:290,2
DA:291,2
DA:299,2
DA:300,0
DA:307,2
DA:308,0
DA:317,2
DA:318,0
DA:325,2
DA:326,0
DA:334,2
DA:339,1
DA:343,1
DA:344,1
LF:119
LH:59
BRDA:27,0,0,0
BRDA:27,0,1,0
BRDA:43,1,0,1
BRDA:43,1,1,34
BRDA:68,2,0,0
BRDA:68,2,1,0
BRDA:70,3,0,0
BRDA:70,3,1,0
BRDA:125,4,0,1
BRDA:125,4,1,0
BRDA:141,5,0,1
BRDA:141,5,1,1
BRDA:149,6,0,0
BRDA:149,6,1,0
BRDA:169,7,0,2
BRDA:169,7,1,24
BRDA:169,8,0,26
BRDA:169,8,1,24
BRDA:172,9,0,24
BRDA:172,9,1,22
BRDA:182,10,0,10
BRDA:182,10,1,1
BRDA:186,11,0,4
BRDA:186,11,1,3
BRDA:190,12,0,4
BRDA:190,12,1,3
BRDA:194,13,0,4
BRDA:194,13,1,3
BRDA:198,14,0,4
BRDA:198,14,1,3
BRDA:203,15,0,2
BRDA:203,15,1,2
BRDA:208,16,0,0
BRDA:208,16,1,0
BRDA:213,17,0,0
BRDA:213,17,1,0
BRDA:213,17,2,0
BRDA:218,18,0,0
BRDA:218,18,1,0
BRDA:223,19,0,0
BRDA:223,19,1,0
BRDA:228,20,0,0
BRDA:228,20,1,0
BRDA:248,21,0,1
BRDA:248,21,1,1
BRDA:248,22,0,2
BRDA:248,22,1,2
BRDA:256,23,0,1
BRDA:256,23,1,1
BRDA:256,24,0,2
BRDA:256,24,1,2
BRDA:264,25,0,1
BRDA:264,25,1,1
BRDA:264,26,0,2
BRDA:264,26,1,2
BRDA:284,27,0,0
BRDA:284,27,1,2
BRDA:290,28,0,2
BRDA:290,28,1,0
BRDA:299,29,0,0
BRDA:299,29,1,2
BRDA:307,30,0,0
BRDA:307,30,1,2
BRDA:317,31,0,0
BRDA:317,31,1,2
BRDA:325,32,0,0
BRDA:325,32,1,2
BRF:67
BRH:41
end_of_record
